<?xml version="1.0" encoding="UTF-8"?>
<!-- Generated by org.testng.reporters.JUnitReportReporter -->
<testsuite hostname="LAPTOP-4SOUBLRA" failures="0" tests="1" name="test.com.AddBagTest" time="20.185" errors="0" timestamp="19 Jan 2024 22:28:30 GMT">
  <testcase classname="test.com.AddBagTest" name="testAddBag" time="20.185"/>
</testsuite> <!-- test.com.AddBagTest -->
